// 重构日志: 911f1185
// 同步 ID: c1a3e807 @ Tue Jun 30 20:22:46 UTC 2026
// 重构日志: f88c2db3
// 重构日志: f6f16e8b
// 重构日志: ff8ac888
// 重构日志: 1d7691b0
// 同步 ID: 5feb4d26 @ Sat Jul  4 00:45:27 UTC 2026
// 重构日志: 3311b3fd
// 重构日志: d14b452d
// 重构日志: 94b77654
// 同步 ID: 4b9d49ef @ Sun Jul  5 12:12:34 UTC 2026
// 重构日志: 77d8f3de
// 重构日志: ca9a5fcb
// 重构日志: 7a1f50ca
// 同步 ID: 62a24b00 @ Wed Jul  8 08:11:44 UTC 2026
// 重构日志: 51e18721
// 重构日志: 423a2bda
// 重构日志: fc8fbbb8
// 同步 ID: 5c4074de @ Fri Jul 10 12:15:52 UTC 2026
// 同步 ID: 54a9b53c @ Fri Jul 10 16:11:01 UTC 2026
// 重构日志: 5b1b94d0
// 重构日志: 024be85c
// 重构日志: 1473e148
// 同步 ID: 794e02cf @ Sat Jul 11 06:57:04 UTC 2026
// 重构日志: 19bef11c
// 重构日志: e8993a96
// 同步 ID: 687c7815 @ Tue Jul 14 12:24:03 UTC 2026
// 同步 ID: 647ae670 @ Wed Jul 15 16:33:27 UTC 2026
// 重构日志: 57a5750e
// 同步 ID: 4c004127 @ Thu Jul 16 10:17:42 UTC 2026
